  Board.cpp
  Fen.cpp
  GameLogic.cpp
  Stockfish.cpp
  GuiManager.cpp
G:\VC++\ChessProject\extern\opencv\build\include\opencv2\core.hpp(1,1): warning C4819: 현재 코드 페이지(949)에서 표시할 수 없는 문자가 파일에 들어 있습니다. 데이터가 손실되지 않게 하려면 해당 파일을 유니코드 형식으로 저장하십시오.
  (소스 파일 '../src/Gui/GuiManager.cpp'을(를) 컴파일하는 중)
  
G:\VC++\ChessProject\extern\opencv\build\include\opencv2\core.hpp(1,1): warning C4819: 현재 코드 페이지(949)에서 표시할 수 없는 문자가 파일에 들어 있습니다. 데이터가 손실되지 않게 하려면 해당 파일을 유니코드 형식으로 저장하십시오.
  (소스 파일 '../src/Gui/GuiManager.cpp'을(를) 컴파일하는 중)
  
G:\VC++\ChessProject\extern\opencv\build\include\opencv2\core.hpp(1,1): warning C4819: 현재 코드 페이지(949)에서 표시할 수 없는 문자가 파일에 들어 있습니다. 데이터가 손실되지 않게 하려면 해당 파일을 유니코드 형식으로 저장하십시오.
  (소스 파일 '../src/Gui/GuiManager.cpp'을(를) 컴파일하는 중)
  
  Renderer.cpp
G:\VC++\ChessProject\extern\opencv\build\include\opencv2\core.hpp(1,1): warning C4819: 현재 코드 페이지(949)에서 표시할 수 없는 문자가 파일에 들어 있습니다. 데이터가 손실되지 않게 하려면 해당 파일을 유니코드 형식으로 저장하십시오.
  (소스 파일 '../src/Gui/Renderer.cpp'을(를) 컴파일하는 중)
  
G:\VC++\ChessProject\extern\opencv\build\include\opencv2\core.hpp(1,1): warning C4819: 현재 코드 페이지(949)에서 표시할 수 없는 문자가 파일에 들어 있습니다. 데이터가 손실되지 않게 하려면 해당 파일을 유니코드 형식으로 저장하십시오.
  (소스 파일 '../src/Gui/Renderer.cpp'을(를) 컴파일하는 중)
  
G:\VC++\ChessProject\extern\opencv\build\include\opencv2\core.hpp(1,1): warning C4819: 현재 코드 페이지(949)에서 표시할 수 없는 문자가 파일에 들어 있습니다. 데이터가 손실되지 않게 하려면 해당 파일을 유니코드 형식으로 저장하십시오.
  (소스 파일 '../src/Gui/Renderer.cpp'을(를) 컴파일하는 중)
  
G:\VC++\ChessProject\extern\opencv\build\include\opencv2\imgcodecs.hpp(1,1): warning C4819: 현재 코드 페이지(949)에서 표시할 수 없는 문자가 파일에 들어 있습니다. 데이터가 손실되지 않게 하려면 해당 파일을 유니코드 형식으로 저장하십시오.
  (소스 파일 '../src/Gui/Renderer.cpp'을(를) 컴파일하는 중)
  
  Main.cpp
G:\VC++\ChessProject\extern\opencv\build\include\opencv2\core.hpp(1,1): warning C4819: 현재 코드 페이지(949)에서 표시할 수 없는 문자가 파일에 들어 있습니다. 데이터가 손실되지 않게 하려면 해당 파일을 유니코드 형식으로 저장하십시오.
  (소스 파일 '../src/Main.cpp'을(를) 컴파일하는 중)
  
G:\VC++\ChessProject\extern\opencv\build\include\opencv2\core.hpp(1,1): warning C4819: 현재 코드 페이지(949)에서 표시할 수 없는 문자가 파일에 들어 있습니다. 데이터가 손실되지 않게 하려면 해당 파일을 유니코드 형식으로 저장하십시오.
  (소스 파일 '../src/Main.cpp'을(를) 컴파일하는 중)
  
G:\VC++\ChessProject\extern\opencv\build\include\opencv2\core.hpp(1,1): warning C4819: 현재 코드 페이지(949)에서 표시할 수 없는 문자가 파일에 들어 있습니다. 데이터가 손실되지 않게 하려면 해당 파일을 유니코드 형식으로 저장하십시오.
  (소스 파일 '../src/Main.cpp'을(를) 컴파일하는 중)
  
  Logger.cpp
  코드를 생성하고 있습니다...
  ChessProject.vcxproj -> G:\VC++\ChessProject\x64\Debug\ChessProject.exe
  G:\VC++\ChessProject\ChessProject\..\extern\opencv\build\x64\vc16\bin\opencv_videoio_ffmpeg4120_64.dll
  G:\VC++\ChessProject\ChessProject\..\extern\opencv\build\x64\vc16\bin\opencv_world4120.dll
  G:\VC++\ChessProject\ChessProject\..\extern\opencv\build\x64\vc16\bin\opencv_world4120d.dll
          3개 파일이 복사되었습니다.
