g:\vc++\chessproject\chessproject\x64\debug\vc143.pdb
g:\vc++\chessproject\chessproject\x64\debug\vc143.idb
g:\vc++\chessproject\chessproject\x64\debug\logger.obj
g:\vc++\chessproject\chessproject\x64\debug\main.obj
g:\vc++\chessproject\chessproject\x64\debug\renderer.obj
g:\vc++\chessproject\chessproject\x64\debug\guimanager.obj
g:\vc++\chessproject\chessproject\x64\debug\stockfish.obj
g:\vc++\chessproject\chessproject\x64\debug\gamelogic.obj
g:\vc++\chessproject\chessproject\x64\debug\fen.obj
g:\vc++\chessproject\chessproject\x64\debug\board.obj
g:\vc++\chessproject\chessproject\x64\debug\chessproject.res
g:\vc++\chessproject\x64\debug\chessproject.exe
g:\vc++\chessproject\x64\debug\chessproject.pdb
g:\vc++\chessproject\chessproject\x64\debug\chessproject.ilk
g:\vc++\chessproject\chessproject\x64\debug\chessproject.tlog\cl.read.1.tlog
g:\vc++\chessproject\chessproject\x64\debug\chessproject.tlog\cl.write.1.tlog
g:\vc++\chessproject\chessproject\x64\debug\chessproject.tlog\cl.command.1.tlog
g:\vc++\chessproject\chessproject\x64\debug\chessproject.tlog\rc.read.1.tlog
g:\vc++\chessproject\chessproject\x64\debug\chessproject.tlog\rc.write.1.tlog
g:\vc++\chessproject\chessproject\x64\debug\chessproject.tlog\rc.command.1.tlog
g:\vc++\chessproject\chessproject\x64\debug\chessproject.tlog\link.read.3.tlog
g:\vc++\chessproject\chessproject\x64\debug\chessproject.tlog\link.write.1.tlog
g:\vc++\chessproject\chessproject\x64\debug\chessproject.tlog\link.secondary.1.tlog
g:\vc++\chessproject\chessproject\x64\debug\chessproject.tlog\link.command.1.tlog
g:\vc++\chessproject\chessproject\x64\debug\chessproject.tlog\cl.items.tlog
